<?xml version="1.0" encoding="UTF-8"?>
<testng-results ignored="0" total="3" passed="3" failed="0" skipped="0">
  <reporter-output>
  </reporter-output>
  <suite started-at="2024-09-07T09:20:26 IST" name="Suite" finished-at="2024-09-07T09:22:16 IST" duration-ms="110196">
    <groups>
    </groups>
    <test started-at="2024-09-07T09:20:26 IST" name="Test1" finished-at="2024-09-07T09:21:03 IST" duration-ms="36492">
      <class name="tc_Repository.Assignment1">
        <test-method is-config="true" signature="launchBrowser(java.lang.String)[pri:0, instance:tc_Repository.Assignment1@5032714f]" started-at="2024-09-07T09:20:26 IST" name="launchBrowser" finished-at="2024-09-07T09:20:32 IST" duration-ms="5385" status="PASS">
          <params>
            <param index="0">
              <value>
                <![CDATA[chrome]]>
              </value>
            </param>
          </params>
          <reporter-output>
          </reporter-output>
        </test-method> <!-- launchBrowser -->
        <test-method signature="ass1()[pri:0, instance:tc_Repository.Assignment1@5032714f]" started-at="2024-09-07T09:20:32 IST" name="ass1" finished-at="2024-09-07T09:21:02 IST" duration-ms="30837" status="PASS">
          <reporter-output>
          </reporter-output>
        </test-method> <!-- ass1 -->
        <test-method is-config="true" signature="closeBrowser()[pri:0, instance:tc_Repository.Assignment1@5032714f]" started-at="2024-09-07T09:21:02 IST" name="closeBrowser" finished-at="2024-09-07T09:21:03 IST" duration-ms="235" status="PASS">
          <reporter-output>
          </reporter-output>
        </test-method> <!-- closeBrowser -->
      </class> <!-- tc_Repository.Assignment1 -->
    </test> <!-- Test1 -->
    <test started-at="2024-09-07T09:21:03 IST" name="Test2" finished-at="2024-09-07T09:21:40 IST" duration-ms="37542">
      <class name="tc_Repository.Assignment1">
        <test-method is-config="true" signature="launchBrowser(java.lang.String)[pri:0, instance:tc_Repository.Assignment1@70cf32e3]" started-at="2024-09-07T09:21:03 IST" name="launchBrowser" finished-at="2024-09-07T09:21:08 IST" duration-ms="5748" status="PASS">
          <params>
            <param index="0">
              <value>
                <![CDATA[firefox]]>
              </value>
            </param>
          </params>
          <reporter-output>
          </reporter-output>
        </test-method> <!-- launchBrowser -->
        <test-method signature="ass1()[pri:0, instance:tc_Repository.Assignment1@70cf32e3]" started-at="2024-09-07T09:21:08 IST" name="ass1" finished-at="2024-09-07T09:21:39 IST" duration-ms="30868" status="PASS">
          <reporter-output>
          </reporter-output>
        </test-method> <!-- ass1 -->
        <test-method is-config="true" signature="closeBrowser()[pri:0, instance:tc_Repository.Assignment1@70cf32e3]" started-at="2024-09-07T09:21:39 IST" name="closeBrowser" finished-at="2024-09-07T09:21:40 IST" duration-ms="924" status="PASS">
          <reporter-output>
          </reporter-output>
        </test-method> <!-- closeBrowser -->
      </class> <!-- tc_Repository.Assignment1 -->
    </test> <!-- Test2 -->
    <test started-at="2024-09-07T09:21:40 IST" name="Test3" finished-at="2024-09-07T09:22:16 IST" duration-ms="36134">
      <class name="tc_Repository.Assignment1">
        <test-method is-config="true" signature="createConnection()[pri:0, instance:tc_Repository.Assignment1@4bdeaabb]" started-at="2024-09-07T09:20:26 IST" name="createConnection" finished-at="2024-09-07T09:20:26 IST" duration-ms="10" status="PASS">
          <reporter-output>
          </reporter-output>
        </test-method> <!-- createConnection -->
        <test-method is-config="true" signature="launchBrowser(java.lang.String)[pri:0, instance:tc_Repository.Assignment1@4bdeaabb]" started-at="2024-09-07T09:21:40 IST" name="launchBrowser" finished-at="2024-09-07T09:21:44 IST" duration-ms="3713" status="PASS">
          <params>
            <param index="0">
              <value>
                <![CDATA[edge]]>
              </value>
            </param>
          </params>
          <reporter-output>
          </reporter-output>
        </test-method> <!-- launchBrowser -->
        <test-method signature="ass1()[pri:0, instance:tc_Repository.Assignment1@4bdeaabb]" started-at="2024-09-07T09:21:44 IST" name="ass1" finished-at="2024-09-07T09:22:16 IST" duration-ms="32145" status="PASS">
          <reporter-output>
          </reporter-output>
        </test-method> <!-- ass1 -->
        <test-method is-config="true" signature="closeBrowser()[pri:0, instance:tc_Repository.Assignment1@4bdeaabb]" started-at="2024-09-07T09:22:16 IST" name="closeBrowser" finished-at="2024-09-07T09:22:16 IST" duration-ms="273" status="PASS">
          <reporter-output>
          </reporter-output>
        </test-method> <!-- closeBrowser -->
        <test-method is-config="true" signature="closeConnection()[pri:0, instance:tc_Repository.Assignment1@4bdeaabb]" started-at="2024-09-07T09:22:16 IST" name="closeConnection" finished-at="2024-09-07T09:22:16 IST" duration-ms="0" status="PASS">
          <reporter-output>
          </reporter-output>
        </test-method> <!-- closeConnection -->
      </class> <!-- tc_Repository.Assignment1 -->
    </test> <!-- Test3 -->
  </suite> <!-- Suite -->
</testng-results>
